<?xml version='1.0'?>
<ns2:test-suite xmlns:ns2='urn:model.allure.qatools.yandex.ru' start='1669545468438' stop='1669545470900'>
    <name>Bootcamp E2E: Search bar</name>
    <title>Bootcamp E2E: Search bar</title>
    <test-cases>
        <test-case start='1669545468439' status='passed' stop='1669545468440'>
            <name></name>
            <title></title>
            <labels>
                <label name='language' value='javascript'/>
                <label name='framework' value='wdio'/>
                <label name='thread' value='0-0'/>
            </labels>
            <parameters>
                <parameter kind='argument' name='browser' value='chrome-107.0.5304.122'/>
            </parameters>
            <steps/>
            <attachments/>
        </test-case>
        <test-case start='1669545468440' status='passed' stop='1669545470896'>
            <name>Given I am on the home page</name>
            <title>Given I am on the home page</title>
            <labels>
                <label name='language' value='javascript'/>
                <label name='framework' value='wdio'/>
                <label name='thread' value='0-0'/>
            </labels>
            <parameters>
                <parameter kind='argument' name='browser' value='chrome-107.0.5304.122'/>
            </parameters>
            <steps>
                <step start='1669545468441' status='passed' stop='1669545470895'>
                    <name>POST /session/:sessionId/url</name>
                    <title>POST /session/:sessionId/url</title>
                    <attachments>
                        <attachment title='Request' source='5219cc8a-909f-4007-9163-cbb009e9f5e5-attachment.json' type='application/json' size='42'/>
                    </attachments>
                    <steps/>
                </step>
            </steps>
            <attachments/>
        </test-case>
        <test-case start='1669545470896' status='broken' stop='1669545470897'>
            <name>When I entry the word 'Windows' in the search bar (top middle)</name>
            <title>When I entry the word 'Windows' in the search bar (top middle)</title>
            <labels>
                <label name='language' value='javascript'/>
                <label name='framework' value='wdio'/>
                <label name='thread' value='0-0'/>
            </labels>
            <parameters>
                <parameter kind='argument' name='browser' value='chrome-107.0.5304.122'/>
            </parameters>
            <steps/>
            <attachments/>
            <failure>
                <message>Step "I entry the word 'Windows' in the search bar (top middle)" is not defined. You can ignore this error by setting cucumberOpts.ignoreUndefinedDefinitions as true.</message>
                <stack-trace>Step "I entry the word 'Windows' in the search bar (top middle)" is not defined. You can ignore this error by setting cucumberOpts.ignoreUndefinedDefinitions as true.
                	at Feature(C:\Users\krn\EVO\Webdriverclass\features\bootcamp.feature):1:1
                	at Scenario(Search bar):7:5
                	at Step(I entry the word 'Windows' in the search bar (top middle)):8:9
                </stack-trace>
            </failure>
        </test-case>
        <test-case start='1669545470897' status='broken' stop='1669545470898'>
            <name>And I click the search</name>
            <title>And I click the search</title>
            <labels>
                <label name='language' value='javascript'/>
                <label name='framework' value='wdio'/>
                <label name='thread' value='0-0'/>
            </labels>
            <parameters>
                <parameter kind='argument' name='browser' value='chrome-107.0.5304.122'/>
            </parameters>
            <steps/>
            <attachments/>
            <failure>
                <message>Step "I click the search" is not defined. You can ignore this error by setting cucumberOpts.ignoreUndefinedDefinitions as true.</message>
                <stack-trace>Step "I click the search" is not defined. You can ignore this error by setting cucumberOpts.ignoreUndefinedDefinitions as true.
                	at Feature(C:\Users\krn\EVO\Webdriverclass\features\bootcamp.feature):1:1
                	at Scenario(Search bar):7:5
                	at Step(I click the search):9:9
                </stack-trace>
            </failure>
        </test-case>
        <test-case start='1669545470898' status='broken' stop='1669545470898'>
            <name>Then I Check that at least one item appears</name>
            <title>Then I Check that at least one item appears</title>
            <labels>
                <label name='language' value='javascript'/>
                <label name='framework' value='wdio'/>
                <label name='thread' value='0-0'/>
            </labels>
            <parameters>
                <parameter kind='argument' name='browser' value='chrome-107.0.5304.122'/>
            </parameters>
            <steps/>
            <attachments/>
            <failure>
                <message>Step "I Check that at least one item appears" is not defined. You can ignore this error by setting cucumberOpts.ignoreUndefinedDefinitions as true.</message>
                <stack-trace>Step "I Check that at least one item appears" is not defined. You can ignore this error by setting cucumberOpts.ignoreUndefinedDefinitions as true.
                	at Feature(C:\Users\krn\EVO\Webdriverclass\features\bootcamp.feature):1:1
                	at Scenario(Search bar):7:5
                	at Step(I Check that at least one item appears):10:9
                </stack-trace>
            </failure>
        </test-case>
        <test-case start='1669545470898' status='passed' stop='1669545470899'>
            <name></name>
            <title></title>
            <labels>
                <label name='language' value='javascript'/>
                <label name='framework' value='wdio'/>
                <label name='thread' value='0-0'/>
            </labels>
            <parameters>
                <parameter kind='argument' name='browser' value='chrome-107.0.5304.122'/>
            </parameters>
            <steps/>
            <attachments/>
        </test-case>
    </test-cases>
</ns2:test-suite>