<?xml version='1.0'?>
<ns2:test-suite xmlns:ns2='urn:model.allure.qatools.yandex.ru' start='1669546231994' stop='1669546232007'>
    <name>Bootcamp E2E: Search bar</name>
    <title>Bootcamp E2E: Search bar</title>
    <test-cases>
        <test-case start='1669546231994' status='passed' stop='1669546231995'>
            <name></name>
            <title></title>
            <labels>
                <label name='language' value='javascript'/>
                <label name='framework' value='wdio'/>
                <label name='thread' value='0-0'/>
            </labels>
            <parameters>
                <parameter kind='argument' name='browser' value='chrome-107.0.5304.122'/>
            </parameters>
            <steps/>
            <attachments/>
        </test-case>
        <test-case start='1669546231995' status='broken' stop='1669546232003'>
            <name>Given I am on the page</name>
            <title>Given I am on the page</title>
            <labels>
                <label name='language' value='javascript'/>
                <label name='framework' value='wdio'/>
                <label name='thread' value='0-0'/>
            </labels>
            <parameters>
                <parameter kind='argument' name='browser' value='chrome-107.0.5304.122'/>
            </parameters>
            <steps>
                <step start='1669546231997' status='broken' stop='1669546232003'>
                    <name>POST /session/:sessionId/url</name>
                    <title>POST /session/:sessionId/url</title>
                    <attachments>
                        <attachment title='Request' source='0be47ada-8ed2-4e33-8736-201a68b2733c-attachment.json' type='application/json' size='521'/>
                    </attachments>
                    <steps/>
                </step>
            </steps>
            <attachments/>
            <failure>
                <message>Error: function uses multiple asynchronous interfaces: callback and promise</message>
                <stack-trace>Error: function uses multiple asynchronous interfaces: callback and promise
                to use the callback interface: do not return a promise
                to use the promise interface: remove the last argument to the function
                    at Object.run (C:\Users\krn\EVO\Webdriverclass\node_modules\@cucumber\cucumber\lib\user_code_runner.js:35:24)
                    at Object.run (C:\Users\krn\EVO\Webdriverclass\node_modules\@cucumber\cucumber\lib\runtime\step_runner.js:52:59)
                    at processTicksAndRejections (node:internal/process/task_queues:96:5)
                    at async TestCaseRunner.invokeStep (C:\Users\krn\EVO\Webdriverclass\node_modules\@cucumber\cucumber\lib\runtime\test_case_runner.js:93:16)
                    at async TestCaseRunner.runStep (C:\Users\krn\EVO\Webdriverclass\node_modules\@cucumber\cucumber\lib\runtime\test_case_runner.js:237:26)
                    at async C:\Users\krn\EVO\Webdriverclass\node_modules\@cucumber\cucumber\lib\runtime\test_case_runner.js:163:48
                    at async TestCaseRunner.aroundTestStep (C:\Users\krn\EVO\Webdriverclass\node_modules\@cucumber\cucumber\lib\runtime\test_case_runner.js:117:32)
                    at async TestCaseRunner.run (C:\Users\krn\EVO\Webdriverclass\node_modules\@cucumber\cucumber\lib\runtime\test_case_runner.js:146:17)
                    at async Runtime.runTestCase (C:\Users\krn\EVO\Webdriverclass\node_modules\@cucumber\cucumber\lib\runtime\index.js:41:24)
                    at async Runtime.start (C:\Users\krn\EVO\Webdriverclass\node_modules\@cucumber\cucumber\lib\runtime\index.js:65:13)</stack-trace>
            </failure>
        </test-case>
        <test-case start='1669546232003' status='pending' stop='1669546232004'>
            <name>When I enter the word 'Windows' in the search bar</name>
            <title>When I enter the word 'Windows' in the search bar</title>
            <labels>
                <label name='language' value='javascript'/>
                <label name='framework' value='wdio'/>
                <label name='thread' value='0-0'/>
            </labels>
            <parameters>
                <parameter kind='argument' name='browser' value='chrome-107.0.5304.122'/>
            </parameters>
            <steps/>
            <attachments/>
        </test-case>
        <test-case start='1669546232004' status='broken' stop='1669546232005'>
            <name>And I click the search</name>
            <title>And I click the search</title>
            <labels>
                <label name='language' value='javascript'/>
                <label name='framework' value='wdio'/>
                <label name='thread' value='0-0'/>
            </labels>
            <parameters>
                <parameter kind='argument' name='browser' value='chrome-107.0.5304.122'/>
            </parameters>
            <steps/>
            <attachments/>
            <failure>
                <message>Step "I click the search" is not defined. You can ignore this error by setting cucumberOpts.ignoreUndefinedDefinitions as true.</message>
                <stack-trace>Step "I click the search" is not defined. You can ignore this error by setting cucumberOpts.ignoreUndefinedDefinitions as true.
                	at Feature(C:\Users\krn\EVO\Webdriverclass\features\bootcamp.feature):1:1
                	at Scenario(Search bar):7:5
                	at Step(I click the search):10:9
                </stack-trace>
            </failure>
        </test-case>
        <test-case start='1669546232005' status='broken' stop='1669546232005'>
            <name>Then I Check that at least one item appears</name>
            <title>Then I Check that at least one item appears</title>
            <labels>
                <label name='language' value='javascript'/>
                <label name='framework' value='wdio'/>
                <label name='thread' value='0-0'/>
            </labels>
            <parameters>
                <parameter kind='argument' name='browser' value='chrome-107.0.5304.122'/>
            </parameters>
            <steps/>
            <attachments/>
            <failure>
                <message>Step "I Check that at least one item appears" is not defined. You can ignore this error by setting cucumberOpts.ignoreUndefinedDefinitions as true.</message>
                <stack-trace>Step "I Check that at least one item appears" is not defined. You can ignore this error by setting cucumberOpts.ignoreUndefinedDefinitions as true.
                	at Feature(C:\Users\krn\EVO\Webdriverclass\features\bootcamp.feature):1:1
                	at Scenario(Search bar):7:5
                	at Step(I Check that at least one item appears):11:9
                </stack-trace>
            </failure>
        </test-case>
        <test-case start='1669546232006' status='passed' stop='1669546232006'>
            <name></name>
            <title></title>
            <labels>
                <label name='language' value='javascript'/>
                <label name='framework' value='wdio'/>
                <label name='thread' value='0-0'/>
            </labels>
            <parameters>
                <parameter kind='argument' name='browser' value='chrome-107.0.5304.122'/>
            </parameters>
            <steps/>
            <attachments/>
        </test-case>
    </test-cases>
</ns2:test-suite>