<?xml version='1.0'?>
<ns2:test-suite xmlns:ns2='urn:model.allure.qatools.yandex.ru' start='1669547463060' stop='1669547463067'>
    <name>Bootcamp E2E: Internet shop logo button</name>
    <title>Bootcamp E2E: Internet shop logo button</title>
    <test-cases>
        <test-case start='1669547463060' status='passed' stop='1669547463060'>
            <name></name>
            <title></title>
            <labels>
                <label name='language' value='javascript'/>
                <label name='framework' value='wdio'/>
                <label name='thread' value='0-0'/>
            </labels>
            <parameters>
                <parameter kind='argument' name='browser' value='chrome-107.0.5304.122'/>
            </parameters>
            <steps/>
            <attachments/>
        </test-case>
        <test-case start='1669547463060' status='broken' stop='1669547463065'>
            <name>Given I am on the home page</name>
            <title>Given I am on the home page</title>
            <labels>
                <label name='language' value='javascript'/>
                <label name='framework' value='wdio'/>
                <label name='thread' value='0-0'/>
            </labels>
            <parameters>
                <parameter kind='argument' name='browser' value='chrome-107.0.5304.122'/>
            </parameters>
            <steps>
                <step start='1669547463061' status='broken' stop='1669547463065'>
                    <name>POST /session/:sessionId/url</name>
                    <title>POST /session/:sessionId/url</title>
                    <attachments>
                        <attachment title='Request' source='e1ce64bf-3c13-48ff-984b-10e596877cbf-attachment.json' type='application/json' size='42'/>
                    </attachments>
                    <steps/>
                </step>
            </steps>
            <attachments/>
            <failure>
                <message>TypeError: browser.url(...) is not a function</message>
                <stack-trace>TypeError: browser.url(...) is not a function
                    at World.&lt;anonymous> (C:\Users\krn\EVO\Webdriverclass\features\step-definitions\steps.js:4:56)
                    at World.executeAsync (C:\Users\krn\EVO\Webdriverclass\node_modules\@wdio\utils\build\shim.js:333:27)
                    at World.testFrameworkFnWrapper (C:\Users\krn\EVO\Webdriverclass\node_modules\@wdio\utils\build\test-framework\testFnWrapper.js:51:32)
                    at processTicksAndRejections (node:internal/process/task_queues:96:5)
                    at async wrapPromiseWithTimeout (C:\Users\krn\EVO\Webdriverclass\node_modules\@cucumber\cucumber\lib\time.js:67:12)
                    at async Object.run (C:\Users\krn\EVO\Webdriverclass\node_modules\@cucumber\cucumber\lib\user_code_runner.js:64:22)
                    at async Object.run (C:\Users\krn\EVO\Webdriverclass\node_modules\@cucumber\cucumber\lib\runtime\step_runner.js:52:26)
                    at async TestCaseRunner.invokeStep (C:\Users\krn\EVO\Webdriverclass\node_modules\@cucumber\cucumber\lib\runtime\test_case_runner.js:93:16)
                    at async TestCaseRunner.runStep (C:\Users\krn\EVO\Webdriverclass\node_modules\@cucumber\cucumber\lib\runtime\test_case_runner.js:237:26)
                    at async C:\Users\krn\EVO\Webdriverclass\node_modules\@cucumber\cucumber\lib\runtime\test_case_runner.js:163:48</stack-trace>
            </failure>
        </test-case>
        <test-case start='1669547463065' status='broken' stop='1669547463066'>
            <name>When I open "Today's Best Deals" tab</name>
            <title>When I open "Today's Best Deals" tab</title>
            <labels>
                <label name='language' value='javascript'/>
                <label name='framework' value='wdio'/>
                <label name='thread' value='0-0'/>
            </labels>
            <parameters>
                <parameter kind='argument' name='browser' value='chrome-107.0.5304.122'/>
            </parameters>
            <steps/>
            <attachments/>
            <failure>
                <message>Step "I open "Today's Best Deals" tab" is not defined. You can ignore this error by setting cucumberOpts.ignoreUndefinedDefinitions as true.</message>
                <stack-trace>Step "I open "Today's Best Deals" tab" is not defined. You can ignore this error by setting cucumberOpts.ignoreUndefinedDefinitions as true.
                	at Feature(C:\Users\krn\EVO\Webdriverclass\features\bootcamp.feature):1:1
                	at Scenario(Internet shop logo button):12:5
                	at Step(I open "Today's Best Deals" tab):13:9
                </stack-trace>
            </failure>
        </test-case>
        <test-case start='1669547463066' status='broken' stop='1669547463066'>
            <name>And I click on the Internet shop logo (top right corner)</name>
            <title>And I click on the Internet shop logo (top right corner)</title>
            <labels>
                <label name='language' value='javascript'/>
                <label name='framework' value='wdio'/>
                <label name='thread' value='0-0'/>
            </labels>
            <parameters>
                <parameter kind='argument' name='browser' value='chrome-107.0.5304.122'/>
            </parameters>
            <steps/>
            <attachments/>
            <failure>
                <message>Step "I click on the Internet shop logo (top right corner)" is not defined. You can ignore this error by setting cucumberOpts.ignoreUndefinedDefinitions as true.</message>
                <stack-trace>Step "I click on the Internet shop logo (top right corner)" is not defined. You can ignore this error by setting cucumberOpts.ignoreUndefinedDefinitions as true.
                	at Feature(C:\Users\krn\EVO\Webdriverclass\features\bootcamp.feature):1:1
                	at Scenario(Internet shop logo button):12:5
                	at Step(I click on the Internet shop logo (top right corner)):14:9
                </stack-trace>
            </failure>
        </test-case>
        <test-case start='1669547463066' status='failed' stop='1669547463066'>
            <name>Then I expect that the main page opened</name>
            <title>Then I expect that the main page opened</title>
            <labels>
                <label name='language' value='javascript'/>
                <label name='framework' value='wdio'/>
                <label name='thread' value='0-0'/>
            </labels>
            <parameters>
                <parameter kind='argument' name='browser' value='chrome-107.0.5304.122'/>
            </parameters>
            <steps/>
            <attachments/>
            <failure>
                <message>Step "I expect that the main page opened" is not defined. You can ignore this error by setting cucumberOpts.ignoreUndefinedDefinitions as true.</message>
                <stack-trace>Step "I expect that the main page opened" is not defined. You can ignore this error by setting cucumberOpts.ignoreUndefinedDefinitions as true.
                	at Feature(C:\Users\krn\EVO\Webdriverclass\features\bootcamp.feature):1:1
                	at Scenario(Internet shop logo button):12:5
                	at Step(I expect that the main page opened):15:9
                </stack-trace>
            </failure>
        </test-case>
        <test-case start='1669547463066' status='passed' stop='1669547463067'>
            <name></name>
            <title></title>
            <labels>
                <label name='language' value='javascript'/>
                <label name='framework' value='wdio'/>
                <label name='thread' value='0-0'/>
            </labels>
            <parameters>
                <parameter kind='argument' name='browser' value='chrome-107.0.5304.122'/>
            </parameters>
            <steps/>
            <attachments/>
        </test-case>
    </test-cases>
</ns2:test-suite>