<?xml version='1.0'?>
<ns2:test-suite xmlns:ns2='urn:model.allure.qatools.yandex.ru' start='1669551970697' stop='1669551973767'>
    <name>Bootcamp E2E: Search bar</name>
    <title>Bootcamp E2E: Search bar</title>
    <test-cases>
        <test-case start='1669551970697' status='passed' stop='1669551970699'>
            <name></name>
            <title></title>
            <labels>
                <label name='language' value='javascript'/>
                <label name='framework' value='wdio'/>
                <label name='thread' value='0-0'/>
            </labels>
            <parameters>
                <parameter kind='argument' name='browser' value='chrome-107.0.5304.122'/>
            </parameters>
            <steps/>
            <attachments/>
        </test-case>
        <test-case start='1669551970699' status='passed' stop='1669551973239'>
            <name>Given I am on the home page</name>
            <title>Given I am on the home page</title>
            <labels>
                <label name='language' value='javascript'/>
                <label name='framework' value='wdio'/>
                <label name='thread' value='0-0'/>
            </labels>
            <parameters>
                <parameter kind='argument' name='browser' value='chrome-107.0.5304.122'/>
            </parameters>
            <steps>
                <step start='1669551970702' status='passed' stop='1669551973238'>
                    <name>POST /session/:sessionId/url</name>
                    <title>POST /session/:sessionId/url</title>
                    <attachments>
                        <attachment title='Request' source='5757334c-7af0-443d-a569-f69730df39c2-attachment.json' type='application/json' size='42'/>
                    </attachments>
                    <steps/>
                </step>
            </steps>
            <attachments/>
        </test-case>
        <test-case start='1669551973239' status='passed' stop='1669551973764'>
            <name>When I enter the word 'Windows' in the search bar</name>
            <title>When I enter the word 'Windows' in the search bar</title>
            <labels>
                <label name='language' value='javascript'/>
                <label name='framework' value='wdio'/>
                <label name='thread' value='0-0'/>
            </labels>
            <parameters>
                <parameter kind='argument' name='browser' value='chrome-107.0.5304.122'/>
            </parameters>
            <steps>
                <step start='1669551973241' status='passed' stop='1669551973262'>
                    <name>POST /session/:sessionId/element</name>
                    <title>POST /session/:sessionId/element</title>
                    <attachments>
                        <attachment title='Request' source='a5920b3a-6a9d-46b7-b91a-47e0963510de-attachment.json' type='application/json' size='208'/>
                        <attachment title='Response' source='f98dbb19-6065-46d0-a96e-8f97eb8d5da4-attachment.json' type='application/json' size='83'/>
                    </attachments>
                    <steps/>
                </step>
                <step start='1669551973269' status='passed' stop='1669551973626'>
                    <name>POST /session/:sessionId/element/9bc6bfbf-70d3-403d-9b9b-725caa71b981/click</name>
                    <title>POST /session/:sessionId/element/9bc6bfbf-70d3-403d-9b9b-725caa71b981/click</title>
                    <attachments/>
                    <steps/>
                </step>
                <step start='1669551973627' status='passed' stop='1669551973655'>
                    <name>POST /session/:sessionId/element</name>
                    <title>POST /session/:sessionId/element</title>
                    <attachments>
                        <attachment title='Request' source='5f3543f5-3faf-4ece-92de-5f9af8e4f0f3-attachment.json' type='application/json' size='246'/>
                        <attachment title='Response' source='e27a0e27-0281-4f9f-92b6-8b3fee84c034-attachment.json' type='application/json' size='83'/>
                    </attachments>
                    <steps/>
                </step>
                <step start='1669551973658' status='passed' stop='1669551973709'>
                    <name>POST /session/:sessionId/element/7f6c1efd-349a-443f-994e-8013e3b6bef7/clear</name>
                    <title>POST /session/:sessionId/element/7f6c1efd-349a-443f-994e-8013e3b6bef7/clear</title>
                    <attachments/>
                    <steps/>
                </step>
                <step start='1669551973714' status='passed' stop='1669551973763'>
                    <name>POST /session/:sessionId/element/7f6c1efd-349a-443f-994e-8013e3b6bef7/value</name>
                    <title>POST /session/:sessionId/element/7f6c1efd-349a-443f-994e-8013e3b6bef7/value</title>
                    <attachments>
                        <attachment title='Request' source='58580bb6-46e8-442d-ae87-3cda020162ca-attachment.json' type='application/json' size='23'/>
                    </attachments>
                    <steps/>
                </step>
            </steps>
            <attachments/>
        </test-case>
        <test-case start='1669551973764' status='broken' stop='1669551973764'>
            <name>* I click the search</name>
            <title>* I click the search</title>
            <labels>
                <label name='language' value='javascript'/>
                <label name='framework' value='wdio'/>
                <label name='thread' value='0-0'/>
            </labels>
            <parameters>
                <parameter kind='argument' name='browser' value='chrome-107.0.5304.122'/>
            </parameters>
            <steps/>
            <attachments/>
            <failure>
                <message>Step "I click the search" is not defined. You can ignore this error by setting cucumberOpts.ignoreUndefinedDefinitions as true.</message>
                <stack-trace>Step "I click the search" is not defined. You can ignore this error by setting cucumberOpts.ignoreUndefinedDefinitions as true.
                	at Feature(C:\Users\krn\EVO\Webdriverclass\features\bootcamp.feature):1:1
                	at Scenario(Search bar):7:5
                	at Step(I click the search):9:9
                </stack-trace>
            </failure>
        </test-case>
        <test-case start='1669551973764' status='broken' stop='1669551973765'>
            <name>Then I Check that at least one item appears</name>
            <title>Then I Check that at least one item appears</title>
            <labels>
                <label name='language' value='javascript'/>
                <label name='framework' value='wdio'/>
                <label name='thread' value='0-0'/>
            </labels>
            <parameters>
                <parameter kind='argument' name='browser' value='chrome-107.0.5304.122'/>
            </parameters>
            <steps/>
            <attachments/>
            <failure>
                <message>Step "I Check that at least one item appears" is not defined. You can ignore this error by setting cucumberOpts.ignoreUndefinedDefinitions as true.</message>
                <stack-trace>Step "I Check that at least one item appears" is not defined. You can ignore this error by setting cucumberOpts.ignoreUndefinedDefinitions as true.
                	at Feature(C:\Users\krn\EVO\Webdriverclass\features\bootcamp.feature):1:1
                	at Scenario(Search bar):7:5
                	at Step(I Check that at least one item appears):10:9
                </stack-trace>
            </failure>
        </test-case>
        <test-case start='1669551973765' status='passed' stop='1669551973766'>
            <name></name>
            <title></title>
            <labels>
                <label name='language' value='javascript'/>
                <label name='framework' value='wdio'/>
                <label name='thread' value='0-0'/>
            </labels>
            <parameters>
                <parameter kind='argument' name='browser' value='chrome-107.0.5304.122'/>
            </parameters>
            <steps/>
            <attachments/>
        </test-case>
    </test-cases>
</ns2:test-suite>