<?xml version='1.0'?>
<ns2:test-suite xmlns:ns2='urn:model.allure.qatools.yandex.ru' start='1669547463036' stop='1669547463051'>
    <name>Bootcamp E2E: Search bar</name>
    <title>Bootcamp E2E: Search bar</title>
    <test-cases>
        <test-case start='1669547463037' status='passed' stop='1669547463038'>
            <name></name>
            <title></title>
            <labels>
                <label name='language' value='javascript'/>
                <label name='framework' value='wdio'/>
                <label name='thread' value='0-0'/>
            </labels>
            <parameters>
                <parameter kind='argument' name='browser' value='chrome-107.0.5304.122'/>
            </parameters>
            <steps/>
            <attachments/>
        </test-case>
        <test-case start='1669547463038' status='broken' stop='1669547463049'>
            <name>Given I am on the home page</name>
            <title>Given I am on the home page</title>
            <labels>
                <label name='language' value='javascript'/>
                <label name='framework' value='wdio'/>
                <label name='thread' value='0-0'/>
            </labels>
            <parameters>
                <parameter kind='argument' name='browser' value='chrome-107.0.5304.122'/>
            </parameters>
            <steps>
                <step start='1669547463041' status='broken' stop='1669547463049'>
                    <name>POST /session/:sessionId/url</name>
                    <title>POST /session/:sessionId/url</title>
                    <attachments>
                        <attachment title='Request' source='c42816c5-0d7b-470f-a6e1-b15e4db77ea6-attachment.json' type='application/json' size='42'/>
                    </attachments>
                    <steps/>
                </step>
            </steps>
            <attachments/>
            <failure>
                <message>TypeError: browser.url(...) is not a function</message>
                <stack-trace>TypeError: browser.url(...) is not a function
                    at World.&lt;anonymous> (C:\Users\krn\EVO\Webdriverclass\features\step-definitions\steps.js:4:56)
                    at World.executeAsync (C:\Users\krn\EVO\Webdriverclass\node_modules\@wdio\utils\build\shim.js:333:27)
                    at World.testFrameworkFnWrapper (C:\Users\krn\EVO\Webdriverclass\node_modules\@wdio\utils\build\test-framework\testFnWrapper.js:51:32)
                    at processTicksAndRejections (node:internal/process/task_queues:96:5)
                    at async wrapPromiseWithTimeout (C:\Users\krn\EVO\Webdriverclass\node_modules\@cucumber\cucumber\lib\time.js:67:12)
                    at async Object.run (C:\Users\krn\EVO\Webdriverclass\node_modules\@cucumber\cucumber\lib\user_code_runner.js:64:22)
                    at async Object.run (C:\Users\krn\EVO\Webdriverclass\node_modules\@cucumber\cucumber\lib\runtime\step_runner.js:52:26)
                    at async TestCaseRunner.invokeStep (C:\Users\krn\EVO\Webdriverclass\node_modules\@cucumber\cucumber\lib\runtime\test_case_runner.js:93:16)
                    at async TestCaseRunner.runStep (C:\Users\krn\EVO\Webdriverclass\node_modules\@cucumber\cucumber\lib\runtime\test_case_runner.js:237:26)
                    at async C:\Users\krn\EVO\Webdriverclass\node_modules\@cucumber\cucumber\lib\runtime\test_case_runner.js:163:48</stack-trace>
            </failure>
        </test-case>
        <test-case start='1669547463049' status='broken' stop='1669547463050'>
            <name>When I entry the word 'Windows' in the search bar (top middle)</name>
            <title>When I entry the word 'Windows' in the search bar (top middle)</title>
            <labels>
                <label name='language' value='javascript'/>
                <label name='framework' value='wdio'/>
                <label name='thread' value='0-0'/>
            </labels>
            <parameters>
                <parameter kind='argument' name='browser' value='chrome-107.0.5304.122'/>
            </parameters>
            <steps/>
            <attachments/>
            <failure>
                <message>Step "I entry the word 'Windows' in the search bar (top middle)" is not defined. You can ignore this error by setting cucumberOpts.ignoreUndefinedDefinitions as true.</message>
                <stack-trace>Step "I entry the word 'Windows' in the search bar (top middle)" is not defined. You can ignore this error by setting cucumberOpts.ignoreUndefinedDefinitions as true.
                	at Feature(C:\Users\krn\EVO\Webdriverclass\features\bootcamp.feature):1:1
                	at Scenario(Search bar):7:5
                	at Step(I entry the word 'Windows' in the search bar (top middle)):8:9
                </stack-trace>
            </failure>
        </test-case>
        <test-case start='1669547463050' status='broken' stop='1669547463050'>
            <name>And I click the search</name>
            <title>And I click the search</title>
            <labels>
                <label name='language' value='javascript'/>
                <label name='framework' value='wdio'/>
                <label name='thread' value='0-0'/>
            </labels>
            <parameters>
                <parameter kind='argument' name='browser' value='chrome-107.0.5304.122'/>
            </parameters>
            <steps/>
            <attachments/>
            <failure>
                <message>Step "I click the search" is not defined. You can ignore this error by setting cucumberOpts.ignoreUndefinedDefinitions as true.</message>
                <stack-trace>Step "I click the search" is not defined. You can ignore this error by setting cucumberOpts.ignoreUndefinedDefinitions as true.
                	at Feature(C:\Users\krn\EVO\Webdriverclass\features\bootcamp.feature):1:1
                	at Scenario(Search bar):7:5
                	at Step(I click the search):9:9
                </stack-trace>
            </failure>
        </test-case>
        <test-case start='1669547463050' status='broken' stop='1669547463050'>
            <name>Then I Check that at least one item appears</name>
            <title>Then I Check that at least one item appears</title>
            <labels>
                <label name='language' value='javascript'/>
                <label name='framework' value='wdio'/>
                <label name='thread' value='0-0'/>
            </labels>
            <parameters>
                <parameter kind='argument' name='browser' value='chrome-107.0.5304.122'/>
            </parameters>
            <steps/>
            <attachments/>
            <failure>
                <message>Step "I Check that at least one item appears" is not defined. You can ignore this error by setting cucumberOpts.ignoreUndefinedDefinitions as true.</message>
                <stack-trace>Step "I Check that at least one item appears" is not defined. You can ignore this error by setting cucumberOpts.ignoreUndefinedDefinitions as true.
                	at Feature(C:\Users\krn\EVO\Webdriverclass\features\bootcamp.feature):1:1
                	at Scenario(Search bar):7:5
                	at Step(I Check that at least one item appears):10:9
                </stack-trace>
            </failure>
        </test-case>
        <test-case start='1669547463050' status='passed' stop='1669547463051'>
            <name></name>
            <title></title>
            <labels>
                <label name='language' value='javascript'/>
                <label name='framework' value='wdio'/>
                <label name='thread' value='0-0'/>
            </labels>
            <parameters>
                <parameter kind='argument' name='browser' value='chrome-107.0.5304.122'/>
            </parameters>
            <steps/>
            <attachments/>
        </test-case>
    </test-cases>
</ns2:test-suite>