<?xml version='1.0'?>
<ns2:test-suite xmlns:ns2='urn:model.allure.qatools.yandex.ru' start='1669551674669' stop='1669551677678'>
    <name>Bootcamp E2E: Search bar</name>
    <title>Bootcamp E2E: Search bar</title>
    <test-cases>
        <test-case start='1669551674669' status='passed' stop='1669551674670'>
            <name></name>
            <title></title>
            <labels>
                <label name='language' value='javascript'/>
                <label name='framework' value='wdio'/>
                <label name='thread' value='0-0'/>
            </labels>
            <parameters>
                <parameter kind='argument' name='browser' value='chrome-107.0.5304.122'/>
            </parameters>
            <steps/>
            <attachments/>
        </test-case>
        <test-case start='1669551674670' status='passed' stop='1669551677136'>
            <name>Given I am on the home page</name>
            <title>Given I am on the home page</title>
            <labels>
                <label name='language' value='javascript'/>
                <label name='framework' value='wdio'/>
                <label name='thread' value='0-0'/>
            </labels>
            <parameters>
                <parameter kind='argument' name='browser' value='chrome-107.0.5304.122'/>
            </parameters>
            <steps>
                <step start='1669551674672' status='passed' stop='1669551677135'>
                    <name>POST /session/:sessionId/url</name>
                    <title>POST /session/:sessionId/url</title>
                    <attachments>
                        <attachment title='Request' source='c3ef96e4-b93a-4199-9ae5-dce30bb77d88-attachment.json' type='application/json' size='42'/>
                    </attachments>
                    <steps/>
                </step>
            </steps>
            <attachments/>
        </test-case>
        <test-case start='1669551677136' status='passed' stop='1669551677676'>
            <name>When I enter the word 'Windows' in the search bar</name>
            <title>When I enter the word 'Windows' in the search bar</title>
            <labels>
                <label name='language' value='javascript'/>
                <label name='framework' value='wdio'/>
                <label name='thread' value='0-0'/>
            </labels>
            <parameters>
                <parameter kind='argument' name='browser' value='chrome-107.0.5304.122'/>
            </parameters>
            <steps>
                <step start='1669551677138' status='passed' stop='1669551677160'>
                    <name>POST /session/:sessionId/element</name>
                    <title>POST /session/:sessionId/element</title>
                    <attachments>
                        <attachment title='Request' source='82443c31-95c5-480a-b8d2-6287990356a5-attachment.json' type='application/json' size='208'/>
                        <attachment title='Response' source='c141131d-2dc7-4573-8ea8-623dee547bca-attachment.json' type='application/json' size='83'/>
                    </attachments>
                    <steps/>
                </step>
                <step start='1669551677165' status='passed' stop='1669551677485'>
                    <name>POST /session/:sessionId/element/170f0781-0f9b-4597-8223-fabac2dcbe71/click</name>
                    <title>POST /session/:sessionId/element/170f0781-0f9b-4597-8223-fabac2dcbe71/click</title>
                    <attachments/>
                    <steps/>
                </step>
                <step start='1669551677486' status='passed' stop='1669551677539'>
                    <name>POST /session/:sessionId/element</name>
                    <title>POST /session/:sessionId/element</title>
                    <attachments>
                        <attachment title='Request' source='836a97eb-524c-47dd-8e7c-53b09d51a829-attachment.json' type='application/json' size='246'/>
                        <attachment title='Response' source='68abcd13-bab0-4e5a-868e-d21b2b71ab73-attachment.json' type='application/json' size='83'/>
                    </attachments>
                    <steps/>
                </step>
                <step start='1669551677542' status='passed' stop='1669551677576'>
                    <name>POST /session/:sessionId/element/a2aa6eb2-f8ad-4b9e-a631-cb6626e1c656/clear</name>
                    <title>POST /session/:sessionId/element/a2aa6eb2-f8ad-4b9e-a631-cb6626e1c656/clear</title>
                    <attachments/>
                    <steps/>
                </step>
                <step start='1669551677581' status='passed' stop='1669551677675'>
                    <name>POST /session/:sessionId/element/a2aa6eb2-f8ad-4b9e-a631-cb6626e1c656/value</name>
                    <title>POST /session/:sessionId/element/a2aa6eb2-f8ad-4b9e-a631-cb6626e1c656/value</title>
                    <attachments>
                        <attachment title='Request' source='ffaa3c88-7036-4ab7-bc14-a73ac8c37d09-attachment.json' type='application/json' size='23'/>
                    </attachments>
                    <steps/>
                </step>
            </steps>
            <attachments/>
        </test-case>
        <test-case start='1669551677676' status='broken' stop='1669551677676'>
            <name>And I click the search</name>
            <title>And I click the search</title>
            <labels>
                <label name='language' value='javascript'/>
                <label name='framework' value='wdio'/>
                <label name='thread' value='0-0'/>
            </labels>
            <parameters>
                <parameter kind='argument' name='browser' value='chrome-107.0.5304.122'/>
            </parameters>
            <steps/>
            <attachments/>
            <failure>
                <message>Step "I click the search" is not defined. You can ignore this error by setting cucumberOpts.ignoreUndefinedDefinitions as true.</message>
                <stack-trace>Step "I click the search" is not defined. You can ignore this error by setting cucumberOpts.ignoreUndefinedDefinitions as true.
                	at Feature(C:\Users\krn\EVO\Webdriverclass\features\bootcamp.feature):1:1
                	at Scenario(Search bar):7:5
                	at Step(I click the search):9:9
                </stack-trace>
            </failure>
        </test-case>
        <test-case start='1669551677676' status='broken' stop='1669551677677'>
            <name>Then I Check that at least one item appears</name>
            <title>Then I Check that at least one item appears</title>
            <labels>
                <label name='language' value='javascript'/>
                <label name='framework' value='wdio'/>
                <label name='thread' value='0-0'/>
            </labels>
            <parameters>
                <parameter kind='argument' name='browser' value='chrome-107.0.5304.122'/>
            </parameters>
            <steps/>
            <attachments/>
            <failure>
                <message>Step "I Check that at least one item appears" is not defined. You can ignore this error by setting cucumberOpts.ignoreUndefinedDefinitions as true.</message>
                <stack-trace>Step "I Check that at least one item appears" is not defined. You can ignore this error by setting cucumberOpts.ignoreUndefinedDefinitions as true.
                	at Feature(C:\Users\krn\EVO\Webdriverclass\features\bootcamp.feature):1:1
                	at Scenario(Search bar):7:5
                	at Step(I Check that at least one item appears):10:9
                </stack-trace>
            </failure>
        </test-case>
        <test-case start='1669551677677' status='passed' stop='1669551677677'>
            <name></name>
            <title></title>
            <labels>
                <label name='language' value='javascript'/>
                <label name='framework' value='wdio'/>
                <label name='thread' value='0-0'/>
            </labels>
            <parameters>
                <parameter kind='argument' name='browser' value='chrome-107.0.5304.122'/>
            </parameters>
            <steps/>
            <attachments/>
        </test-case>
    </test-cases>
</ns2:test-suite>