<?xml version='1.0'?>
<ns2:test-suite xmlns:ns2='urn:model.allure.qatools.yandex.ru' start='1669548371830' stop='1669548379234'>
    <name>Bootcamp E2E: Search bar</name>
    <title>Bootcamp E2E: Search bar</title>
    <test-cases>
        <test-case start='1669548371831' status='passed' stop='1669548371832'>
            <name></name>
            <title></title>
            <labels>
                <label name='language' value='javascript'/>
                <label name='framework' value='wdio'/>
                <label name='thread' value='0-0'/>
            </labels>
            <parameters>
                <parameter kind='argument' name='browser' value='chrome-107.0.5304.122'/>
            </parameters>
            <steps/>
            <attachments/>
        </test-case>
        <test-case start='1669548371832' status='passed' stop='1669548379166'>
            <name>Given I am on the home page</name>
            <title>Given I am on the home page</title>
            <labels>
                <label name='language' value='javascript'/>
                <label name='framework' value='wdio'/>
                <label name='thread' value='0-0'/>
            </labels>
            <parameters>
                <parameter kind='argument' name='browser' value='chrome-107.0.5304.122'/>
            </parameters>
            <steps>
                <step start='1669548371834' status='passed' stop='1669548374150'>
                    <name>POST /session/:sessionId/url</name>
                    <title>POST /session/:sessionId/url</title>
                    <attachments>
                        <attachment title='Request' source='3999d4f1-2577-4712-84e0-2275fc39ff17-attachment.json' type='application/json' size='47'/>
                    </attachments>
                    <steps/>
                </step>
            </steps>
            <attachments/>
        </test-case>
        <test-case start='1669548379166' status='broken' stop='1669548379232'>
            <name>When I enter the word 'Windows' in the search bar</name>
            <title>When I enter the word 'Windows' in the search bar</title>
            <labels>
                <label name='language' value='javascript'/>
                <label name='framework' value='wdio'/>
                <label name='thread' value='0-0'/>
            </labels>
            <parameters>
                <parameter kind='argument' name='browser' value='chrome-107.0.5304.122'/>
            </parameters>
            <steps>
                <step start='1669548379172' status='broken' stop='1669548379232'>
                    <name>POST /session/:sessionId/element</name>
                    <title>POST /session/:sessionId/element</title>
                    <attachments>
                        <attachment title='Request' source='b3fe0ebb-6aae-42bf-85b5-4c24868908ed-attachment.json' type='application/json' size='247'/>
                    </attachments>
                    <steps/>
                </step>
            </steps>
            <attachments/>
            <failure>
                <message>invalid selector: The selector "##app > header > div.page-content-inner > div:nth-child(1) > div.section-left.auto-flex > div.header2021-search.auto-flex.is-active > form > div > div.header2021-search-box.auto-flex > input[type=search]" used with strategy "css selector" is invalid! For more information on selectors visit the WebdriverIO docs at: https://webdriver.io/docs/selectors</message>
                <stack-trace>invalid selector: The selector "##app > header > div.page-content-inner > div:nth-child(1) > div.section-left.auto-flex > div.header2021-search.auto-flex.is-active > form > div > div.header2021-search-box.auto-flex > input[type=search]" used with strategy "css selector" is invalid! For more information on selectors visit the WebdriverIO docs at: https://webdriver.io/docs/selectors
                    at getErrorFromResponseBody (C:\Users\krn\EVO\Webdriverclass\node_modules\webdriver\build\utils.js:198:12)
                    at NodeJSRequest._request (C:\Users\krn\EVO\Webdriverclass\node_modules\webdriver\build\request\index.js:166:60)
                    at processTicksAndRejections (node:internal/process/task_queues:96:5)
                    at async Browser.wrapCommandFn (C:\Users\krn\EVO\Webdriverclass\node_modules\@wdio\utils\build\shim.js:137:29)
                    at async Browser.$ (C:\Users\krn\EVO\Webdriverclass\node_modules\webdriverio\build\commands\browser\$.js:91:17)
                    at async Browser.wrapCommandFn (C:\Users\krn\EVO\Webdriverclass\node_modules\@wdio\utils\build\shim.js:137:29)
                    at async World.&lt;anonymous> (C:\Users\krn\EVO\Webdriverclass\features\step-definitions\steps.js:24:5)</stack-trace>
            </failure>
        </test-case>
        <test-case start='1669548379232' status='broken' stop='1669548379233'>
            <name>And I click the search</name>
            <title>And I click the search</title>
            <labels>
                <label name='language' value='javascript'/>
                <label name='framework' value='wdio'/>
                <label name='thread' value='0-0'/>
            </labels>
            <parameters>
                <parameter kind='argument' name='browser' value='chrome-107.0.5304.122'/>
            </parameters>
            <steps/>
            <attachments/>
            <failure>
                <message>Step "I click the search" is not defined. You can ignore this error by setting cucumberOpts.ignoreUndefinedDefinitions as true.</message>
                <stack-trace>Step "I click the search" is not defined. You can ignore this error by setting cucumberOpts.ignoreUndefinedDefinitions as true.
                	at Feature(C:\Users\krn\EVO\Webdriverclass\features\bootcamp.feature):1:1
                	at Scenario(Search bar):7:5
                	at Step(I click the search):9:9
                </stack-trace>
            </failure>
        </test-case>
        <test-case start='1669548379233' status='broken' stop='1669548379233'>
            <name>Then I Check that at least one item appears</name>
            <title>Then I Check that at least one item appears</title>
            <labels>
                <label name='language' value='javascript'/>
                <label name='framework' value='wdio'/>
                <label name='thread' value='0-0'/>
            </labels>
            <parameters>
                <parameter kind='argument' name='browser' value='chrome-107.0.5304.122'/>
            </parameters>
            <steps/>
            <attachments/>
            <failure>
                <message>Step "I Check that at least one item appears" is not defined. You can ignore this error by setting cucumberOpts.ignoreUndefinedDefinitions as true.</message>
                <stack-trace>Step "I Check that at least one item appears" is not defined. You can ignore this error by setting cucumberOpts.ignoreUndefinedDefinitions as true.
                	at Feature(C:\Users\krn\EVO\Webdriverclass\features\bootcamp.feature):1:1
                	at Scenario(Search bar):7:5
                	at Step(I Check that at least one item appears):10:9
                </stack-trace>
            </failure>
        </test-case>
        <test-case start='1669548379233' status='passed' stop='1669548379234'>
            <name></name>
            <title></title>
            <labels>
                <label name='language' value='javascript'/>
                <label name='framework' value='wdio'/>
                <label name='thread' value='0-0'/>
            </labels>
            <parameters>
                <parameter kind='argument' name='browser' value='chrome-107.0.5304.122'/>
            </parameters>
            <steps/>
            <attachments/>
        </test-case>
    </test-cases>
</ns2:test-suite>