<?xml version='1.0'?>
<ns2:test-suite xmlns:ns2='urn:model.allure.qatools.yandex.ru' start='1669543955920' stop='1669543958379'>
    <name>Bootcamp E2E: Search bar</name>
    <title>Bootcamp E2E: Search bar</title>
    <test-cases>
        <test-case start='1669543955920' status='passed' stop='1669543955922'>
            <name></name>
            <title></title>
            <labels>
                <label name='language' value='javascript'/>
                <label name='framework' value='wdio'/>
                <label name='thread' value='0-0'/>
            </labels>
            <parameters>
                <parameter kind='argument' name='browser' value='chrome-107.0.5304.122'/>
            </parameters>
            <steps/>
            <attachments/>
        </test-case>
        <test-case start='1669543955922' status='failed' stop='1669543958376'>
            <name>Given I am on the home page</name>
            <title>Given I am on the home page</title>
            <labels>
                <label name='language' value='javascript'/>
                <label name='framework' value='wdio'/>
                <label name='thread' value='0-0'/>
            </labels>
            <parameters>
                <parameter kind='argument' name='browser' value='chrome-107.0.5304.122'/>
            </parameters>
            <steps>
                <step start='1669543955923' status='passed' stop='1669543955948'>
                    <name>POST /session/:sessionId/url</name>
                    <title>POST /session/:sessionId/url</title>
                    <attachments>
                        <attachment title='Request' source='3a4ce2e6-a293-4850-89a8-5a33d4f1c2b9-attachment.json' type='application/json' size='42'/>
                        <attachment title='Response' source='3c277a18-d77b-4826-abd3-fb468a4a7efe-attachment.json' type='application/json' size='1116'/>
                    </attachments>
                    <steps/>
                </step>
            </steps>
            <attachments/>
            <failure>
                <message>TypeError: expect(...).isExisting is not a function</message>
                <stack-trace>TypeError: expect(...).isExisting is not a function
                    at World.&lt;anonymous> (C:\Users\krn\EVO\Webdriverclass\features\step-definitions\steps.js:6:37)
                    at processTicksAndRejections (node:internal/process/task_queues:96:5)</stack-trace>
            </failure>
        </test-case>
        <test-case start='1669543958376' status='broken' stop='1669543958377'>
            <name>And Close the promo banner if it appears</name>
            <title>And Close the promo banner if it appears</title>
            <labels>
                <label name='language' value='javascript'/>
                <label name='framework' value='wdio'/>
                <label name='thread' value='0-0'/>
            </labels>
            <parameters>
                <parameter kind='argument' name='browser' value='chrome-107.0.5304.122'/>
            </parameters>
            <steps/>
            <attachments/>
            <failure>
                <message>Step "Close the promo banner if it appears" is not defined. You can ignore this error by setting cucumberOpts.ignoreUndefinedDefinitions as true.</message>
                <stack-trace>Step "Close the promo banner if it appears" is not defined. You can ignore this error by setting cucumberOpts.ignoreUndefinedDefinitions as true.
                	at Feature(C:\Users\krn\EVO\Webdriverclass\features\bootcamp.feature):1:1
                	at Scenario(Search bar):7:5
                </stack-trace>
            </failure>
        </test-case>
        <test-case start='1669543958377' status='broken' stop='1669543958377'>
            <name>When I entry the word "Windows" in the search bar (top middle)</name>
            <title>When I entry the word "Windows" in the search bar (top middle)</title>
            <labels>
                <label name='language' value='javascript'/>
                <label name='framework' value='wdio'/>
                <label name='thread' value='0-0'/>
            </labels>
            <parameters>
                <parameter kind='argument' name='browser' value='chrome-107.0.5304.122'/>
            </parameters>
            <steps/>
            <attachments/>
            <failure>
                <message>Step "I entry the word "Windows" in the search bar (top middle)" is not defined. You can ignore this error by setting cucumberOpts.ignoreUndefinedDefinitions as true.</message>
                <stack-trace>Step "I entry the word "Windows" in the search bar (top middle)" is not defined. You can ignore this error by setting cucumberOpts.ignoreUndefinedDefinitions as true.
                	at Feature(C:\Users\krn\EVO\Webdriverclass\features\bootcamp.feature):1:1
                	at Scenario(Search bar):7:5
                	at Step(I entry the word "Windows" in the search bar (top middle)):8:9
                </stack-trace>
            </failure>
        </test-case>
        <test-case start='1669543958377' status='broken' stop='1669543958377'>
            <name>And I click the search</name>
            <title>And I click the search</title>
            <labels>
                <label name='language' value='javascript'/>
                <label name='framework' value='wdio'/>
                <label name='thread' value='0-0'/>
            </labels>
            <parameters>
                <parameter kind='argument' name='browser' value='chrome-107.0.5304.122'/>
            </parameters>
            <steps/>
            <attachments/>
            <failure>
                <message>Step "I click the search" is not defined. You can ignore this error by setting cucumberOpts.ignoreUndefinedDefinitions as true.</message>
                <stack-trace>Step "I click the search" is not defined. You can ignore this error by setting cucumberOpts.ignoreUndefinedDefinitions as true.
                	at Feature(C:\Users\krn\EVO\Webdriverclass\features\bootcamp.feature):1:1
                	at Scenario(Search bar):7:5
                	at Step(I click the search):9:9
                </stack-trace>
            </failure>
        </test-case>
        <test-case start='1669543958378' status='broken' stop='1669543958378'>
            <name>Then I Check that at least one item appears</name>
            <title>Then I Check that at least one item appears</title>
            <labels>
                <label name='language' value='javascript'/>
                <label name='framework' value='wdio'/>
                <label name='thread' value='0-0'/>
            </labels>
            <parameters>
                <parameter kind='argument' name='browser' value='chrome-107.0.5304.122'/>
            </parameters>
            <steps/>
            <attachments/>
            <failure>
                <message>Step "I Check that at least one item appears" is not defined. You can ignore this error by setting cucumberOpts.ignoreUndefinedDefinitions as true.</message>
                <stack-trace>Step "I Check that at least one item appears" is not defined. You can ignore this error by setting cucumberOpts.ignoreUndefinedDefinitions as true.
                	at Feature(C:\Users\krn\EVO\Webdriverclass\features\bootcamp.feature):1:1
                	at Scenario(Search bar):7:5
                	at Step(I Check that at least one item appears):10:9
                </stack-trace>
            </failure>
        </test-case>
        <test-case start='1669543958378' status='passed' stop='1669543958379'>
            <name></name>
            <title></title>
            <labels>
                <label name='language' value='javascript'/>
                <label name='framework' value='wdio'/>
                <label name='thread' value='0-0'/>
            </labels>
            <parameters>
                <parameter kind='argument' name='browser' value='chrome-107.0.5304.122'/>
            </parameters>
            <steps/>
            <attachments/>
        </test-case>
    </test-cases>
</ns2:test-suite>